<?xml version="1.0" encoding="UTF-8"?>
<!-- Generated by org.testng.reporters.JUnitReportReporter -->
<testsuite hostname="Balla-PC" name="com.bradley.musicapp.test.PersonRepositoryTest" tests="1" failures="0" timestamp="5 May 2014 19:04:50 GMT" time="0.059" errors="0">
  <testcase name="createPerson" time="0.059" classname="com.bradley.musicapp.test.PersonRepositoryTest"/>
</testsuite> <!-- com.bradley.musicapp.test.PersonRepositoryTest -->
