<?xml version="1.0" encoding="UTF-8"?>
<!-- Generated by org.testng.reporters.JUnitReportReporter -->
<testsuite hostname="Balla-PC" name="com.bradley.musicapp.test.repository.TrackRepositoryTest" tests="4" failures="0" timestamp="5 May 2014 20:48:59 GMT" time="0.105" errors="0">
  <testcase name="deleteTrack" time="0.017" classname="com.bradley.musicapp.test.repository.TrackRepositoryTest"/>
  <testcase name="updateTrack" time="0.023" classname="com.bradley.musicapp.test.repository.TrackRepositoryTest"/>
  <testcase name="readTrack" time="0.019" classname="com.bradley.musicapp.test.repository.TrackRepositoryTest"/>
  <testcase name="createTrack" time="0.046" classname="com.bradley.musicapp.test.repository.TrackRepositoryTest"/>
</testsuite> <!-- com.bradley.musicapp.test.repository.TrackRepositoryTest -->
