<?xml version="1.0" encoding="UTF-8"?>
<!-- Generated by org.testng.reporters.JUnitReportReporter -->
<testsuite hostname="Balla-PC" name="com.bradley.musicapp.test.repository.ArtistRepositoryTest" tests="4" failures="0" timestamp="5 May 2014 20:36:29 GMT" time="0.145" errors="0">
  <testcase name="readArtist" time="0.023" classname="com.bradley.musicapp.test.repository.ArtistRepositoryTest"/>
  <testcase name="updateArtist" time="0.047" classname="com.bradley.musicapp.test.repository.ArtistRepositoryTest"/>
  <testcase name="createArtist" time="0.051" classname="com.bradley.musicapp.test.repository.ArtistRepositoryTest"/>
  <testcase name="deleteArtist" time="0.024" classname="com.bradley.musicapp.test.repository.ArtistRepositoryTest"/>
</testsuite> <!-- com.bradley.musicapp.test.repository.ArtistRepositoryTest -->
