<?xml version="1.0" encoding="UTF-8"?>
<!-- Generated by org.testng.reporters.JUnitReportReporter -->
<testsuite hostname="Balla-PC" name="com.bradley.musicapp.test.services.PersonNameServiceTest" tests="1" failures="0" timestamp="5 May 2014 19:17:55 GMT" time="0.169" errors="0">
  <testcase name="getPeopleNameStartingWith" time="0.169" classname="com.bradley.musicapp.test.services.PersonNameServiceTest"/>
</testsuite> <!-- com.bradley.musicapp.test.services.PersonNameServiceTest -->
