<?xml version="1.0" encoding="UTF-8"?>
<!-- Generated by org.testng.reporters.JUnitReportReporter -->
<testsuite hostname="Balla-PC" name="com.bradley.musicapp.test.repository.GenreRepositoryTest" tests="4" failures="0" timestamp="5 May 2014 20:17:39 GMT" time="0.117" errors="0">
  <testcase name="updateGenre" time="0.034" classname="com.bradley.musicapp.test.repository.GenreRepositoryTest"/>
  <testcase name="createGenre" time="0.049" classname="com.bradley.musicapp.test.repository.GenreRepositoryTest"/>
  <testcase name="deleteGenre" time="0.017" classname="com.bradley.musicapp.test.repository.GenreRepositoryTest"/>
  <testcase name="readGenre" time="0.017" classname="com.bradley.musicapp.test.repository.GenreRepositoryTest"/>
</testsuite> <!-- com.bradley.musicapp.test.repository.GenreRepositoryTest -->
